#
# There is insufficient memory for the Java Runtime Environment to continue.
# Native memory allocation (malloc) failed to allocate 1048576 bytes for AllocateHeap
# Possible reasons:
#   The system is out of physical RAM or swap space
#   The process is running with CompressedOops enabled, and the Java Heap may be blocking the growth of the native heap
# Possible solutions:
#   Reduce memory load on the system
#   Increase physical memory or swap space
#   Check if swap backing store is full
#   Decrease Java heap size (-Xmx/-Xms)
#   Decrease number of Java threads
#   Decrease Java thread stack sizes (-Xss)
#   Set larger code cache with -XX:ReservedCodeCacheSize=
#   JVM is running with Unscaled Compressed Oops mode in which the Java heap is
#     placed in the first 4GB address space. The Java Heap base address is the
#     maximum limit for the native heap growth. Please use -XX:HeapBaseMinAddress
#     to set the Java Heap base and to place the Java Heap above 4GB virtual address.
# This output file may be truncated or incomplete.
#
#  Out of Memory Error (memory/allocation.inline.hpp:61), pid=5100, tid=0x00000000000012b0
#
# JRE version:  (8.0_261-b12) (build )
# Java VM: Java HotSpot(TM) 64-Bit Server VM (25.261-b12 mixed mode windows-amd64 compressed oops)
# Failed to write core dump. Minidumps are not enabled by default on client versions of Windows
#

---------------  T H R E A D  ---------------

Current thread (0x000001f4af0f9000):  JavaThread "Unknown thread" [_thread_in_vm, id=4784, stack(0x0000003b8c500000,0x0000003b8c600000)]

Stack: [0x0000003b8c500000,0x0000003b8c600000]
Native frames: (J=compiled Java code, j=interpreted, Vv=VM code, C=native code)
V  [jvm.dll+0x33e5f9]
V  [jvm.dll+0x2850e2]
V  [jvm.dll+0x285d8d]
V  [jvm.dll+0x27c895]
V  [jvm.dll+0x1565d]
V  [jvm.dll+0x3d9117]
V  [jvm.dll+0x3d5557]
V  [jvm.dll+0x10c61f]
V  [jvm.dll+0x21a00b]
V  [jvm.dll+0x248687]
V  [jvm.dll+0x172116]
C  [javaw.exe+0x2322]
C  [javaw.exe+0x16564]
C  [KERNEL32.DLL+0x17034]
C  [ntdll.dll+0x52651]


---------------  P R O C E S S  ---------------

Java Threads: ( => current thread )

Other Threads:

=>0x000001f4af0f9000 (exited) JavaThread "Unknown thread" [_thread_in_vm, id=4784, stack(0x0000003b8c500000,0x0000003b8c600000)]

VM state:not at safepoint (normal execution)

VM Mutex/Monitor currently owned by a thread: None

heap address: 0x0000000081c00000, size: 2020 MB, Compressed Oops mode: 32-bit
Narrow klass base: 0x0000000000000000, Narrow klass shift: 3
Compressed class space size: 1073741824 Address: 0x0000000100000000

Heap:
 PSYoungGen      total 38400K, used 665K [0x00000000d5f00000, 0x00000000d8980000, 0x0000000100000000)
  eden space 33280K, 2% used [0x00000000d5f00000,0x00000000d5fa6670,0x00000000d7f80000)
  from space 5120K, 0% used [0x00000000d8480000,0x00000000d8480000,0x00000000d8980000)
  to   space 5120K, 0% used [0x00000000d7f80000,0x00000000d7f80000,0x00000000d8480000)
 ParOldGen       total 87552K, used 0K [0x0000000081c00000, 0x0000000087180000, 0x00000000d5f00000)
  object space 87552K, 0% used [0x0000000081c00000,0x0000000081c00000,0x0000000087180000)
 Metaspace       used 763K, capacity 4480K, committed 4480K, reserved 1056768K
  class space    used 76K, capacity 384K, committed 384K, reserved 1048576K

Card table byte_map: [0x000001f4bfea0000,0x000001f4c02a0000] byte_map_base: 0x000001f4bfa92000

Marking Bits: (ParMarkBitMap*) 0x0000000075c74fb0
 Begin Bits: [0x000001f4c0550000, 0x000001f4c24e0000)
 End Bits:   [0x000001f4c24e0000, 0x000001f4c4470000)

Polling page: 0x000001f4b0ab0000

CodeCache: size=245760Kb used=328Kb max_used=328Kb free=245431Kb
 bounds [0x000001f4b0ae0000, 0x000001f4b0d50000, 0x000001f4bfae0000]
 total_blobs=58 nmethods=0 adapters=38
 compilation: enabled

Compilation events (0 events):
No events

GC Heap History (0 events):
No events

Deoptimization events (0 events):
No events

Classes redefined (0 events):
No events

Internal exceptions (0 events):
No events

Events (10 events):
Event: 0.042 loading class java/lang/Short
Event: 0.042 loading class java/lang/Short done
Event: 0.042 loading class java/lang/Integer
Event: 0.042 loading class java/lang/Integer done
Event: 0.042 loading class java/lang/Long
Event: 0.042 loading class java/lang/Long done
Event: 0.043 loading class java/lang/NullPointerException
Event: 0.043 loading class java/lang/NullPointerException done
Event: 0.043 loading class java/lang/ArithmeticException
Event: 0.043 loading class java/lang/ArithmeticException done


Dynamic libraries:
0x00007ff7ff580000 - 0x00007ff7ff5c7000 	C:\Program Files\Java\jre1.8.0_261\bin\javaw.exe
0x00007ffa58350000 - 0x00007ffa58548000 	C:\WINDOWS\SYSTEM32\ntdll.dll
0x00007ffa57d30000 - 0x00007ffa57ded000 	C:\WINDOWS\System32\KERNEL32.DLL
0x00007ffa55bc0000 - 0x00007ffa55e8e000 	C:\WINDOWS\System32\KERNELBASE.dll
0x00007ffa570b0000 - 0x00007ffa5715e000 	C:\WINDOWS\System32\ADVAPI32.dll
0x00007ffa56e20000 - 0x00007ffa56ebe000 	C:\WINDOWS\System32\msvcrt.dll
0x00007ffa56bd0000 - 0x00007ffa56c6c000 	C:\WINDOWS\System32\sechost.dll
0x00007ffa565b0000 - 0x00007ffa566d5000 	C:\WINDOWS\System32\RPCRT4.dll
0x00007ffa57df0000 - 0x00007ffa57f90000 	C:\WINDOWS\System32\USER32.dll
0x00007ffa56380000 - 0x00007ffa563a2000 	C:\WINDOWS\System32\win32u.dll
0x00007ffa56f90000 - 0x00007ffa56fba000 	C:\WINDOWS\System32\GDI32.dll
0x00007ffa55ff0000 - 0x00007ffa560fb000 	C:\WINDOWS\System32\gdi32full.dll
0x00007ffa561b0000 - 0x00007ffa5624d000 	C:\WINDOWS\System32\msvcp_win.dll
0x00007ffa55ac0000 - 0x00007ffa55bc0000 	C:\WINDOWS\System32\ucrtbase.dll
0x00007ffa31b00000 - 0x00007ffa31d9a000 	C:\WINDOWS\WinSxS\amd64_microsoft.windows.common-controls_6595b64144ccf1df_6.0.19041.1110_none_60b5254171f9507e\COMCTL32.dll
0x00007ffa56cd0000 - 0x00007ffa56d00000 	C:\WINDOWS\System32\IMM32.DLL
0x00007ffa4ac90000 - 0x00007ffa4aca5000 	C:\Program Files\Java\jre1.8.0_261\bin\vcruntime140.dll
0x00007ffa1f580000 - 0x00007ffa1f61b000 	C:\Program Files\Java\jre1.8.0_261\bin\msvcp140.dll
0x0000000075480000 - 0x0000000075cec000 	C:\Program Files\Java\jre1.8.0_261\bin\server\jvm.dll
0x00007ffa56410000 - 0x00007ffa56418000 	C:\WINDOWS\System32\PSAPI.DLL
0x00007ffa4dc00000 - 0x00007ffa4dc09000 	C:\WINDOWS\SYSTEM32\WSOCK32.dll
0x00007ffa57c10000 - 0x00007ffa57c7b000 	C:\WINDOWS\System32\WS2_32.dll
0x00007ffa418a0000 - 0x00007ffa418c7000 	C:\WINDOWS\SYSTEM32\WINMM.dll
0x00007ffa45550000 - 0x00007ffa4555a000 	C:\WINDOWS\SYSTEM32\VERSION.dll
0x00007ffa54350000 - 0x00007ffa54362000 	C:\WINDOWS\SYSTEM32\kernel.appcore.dll
0x00007ffa4db60000 - 0x00007ffa4db70000 	C:\Program Files\Java\jre1.8.0_261\bin\verify.dll
0x00007ffa449c0000 - 0x00007ffa449eb000 	C:\Program Files\Java\jre1.8.0_261\bin\java.dll
0x00007ffa2b2c0000 - 0x00007ffa2b2f6000 	C:\Program Files\Java\jre1.8.0_261\bin\jdwp.dll
0x00007ffa4db80000 - 0x00007ffa4db89000 	C:\Program Files\Java\jre1.8.0_261\bin\npt.dll
0x00007ffa205b0000 - 0x00007ffa205e2000 	C:\Program Files\Java\jre1.8.0_261\bin\instrument.dll
0x00007ffa44a00000 - 0x00007ffa44a18000 	C:\Program Files\Java\jre1.8.0_261\bin\zip.dll
0x00007ffa4f870000 - 0x00007ffa4fa54000 	C:\WINDOWS\SYSTEM32\dbghelp.dll
0x00007ffa562c0000 - 0x00007ffa56342000 	C:\WINDOWS\System32\bcryptPrimitives.dll

VM Arguments:
jvm_args: -agentlib:jdwp=transport=dt_socket,suspend=y,address=localhost:5915 -javaagent:C:\Users\MyPC\Downloads\eclipse-jee-2018-09-win32-x86_64\eclipse\configuration\org.eclipse.osgi\419\0\.cp\lib\javaagent-shaded.jar -Dfile.encoding=Cp1258 
java_command: MobileShop.Dao.HomeDao
java_class_path (initial): C:\Users\MyPC\OneDrive\Documents\GitHub\dienthoai\MobileShop\target\classes;C:\Users\MyPC\.m2\repository\org\springframework\spring-webmvc\5.2.2.RELEASE\spring-webmvc-5.2.2.RELEASE.jar;C:\Users\MyPC\.m2\repository\org\springframework\spring-aop\5.2.2.RELEASE\spring-aop-5.2.2.RELEASE.jar;C:\Users\MyPC\.m2\repository\org\springframework\spring-beans\5.2.2.RELEASE\spring-beans-5.2.2.RELEASE.jar;C:\Users\MyPC\.m2\repository\org\springframework\spring-context\5.2.2.RELEASE\spring-context-5.2.2.RELEASE.jar;C:\Users\MyPC\.m2\repository\org\springframework\spring-core\5.2.2.RELEASE\spring-core-5.2.2.RELEASE.jar;C:\Users\MyPC\.m2\repository\org\springframework\spring-jcl\5.2.2.RELEASE\spring-jcl-5.2.2.RELEASE.jar;C:\Users\MyPC\.m2\repository\org\springframework\spring-expression\5.2.2.RELEASE\spring-expression-5.2.2.RELEASE.jar;C:\Users\MyPC\.m2\repository\org\springframework\spring-web\5.2.2.RELEASE\spring-web-5.2.2.RELEASE.jar;C:\Users\MyPC\.m2\repository\org\springframework\spring-jdbc\5.2.2.RELEASE\spring-jdbc-5.2.2.RELEASE.jar;C:\Users\MyPC\.m2\repository\org\springframework\spring-tx\5.2.2.RELEASE\spring-tx-5.2.2.RELEASE.jar;C:\Users\MyPC\.m2\repository\javax\servlet\javax.servlet-api\4.0.1\javax.servlet-api-4.0.1.jar;C:\Users\MyPC\.m2\repository\javax\servlet\jsp-api\2.0\jsp-api-2.0.jar;C:\Users\MyPC\.m2\repository\javax\servlet\servlet-api\2.4\servlet-api-2.4.jar;C:\Users\MyPC\.m2\repository\opensymphony\sitemesh\2.4.1\sitemesh-2.4.1.jar;C:\Users\MyPC\.m2\repository\jstl\jstl\1.2\jstl-1.2.jar;C:\Users\MyPC\.m2\repository\mysql\mysql-connector-java\5.1.45\mysql-connector-java-5.1.45.jar;C:\Users\MyPC\Downloads\eclipse-jee-2018-09-win32-x86_64\eclipse\configuration\org.eclipse.osgi\419\0\.cp\lib\javaagent-shaded.jar
Launcher Type: SUN_STANDARD

Environment Variables:
JAVA_HOME=C:\Program Files\Java\jdk1.8.0_191
PATH=C:/Program Files/Java/jre1.8.0_261/bin/server;C:/Program Files/Java/jre1.8.0_261/bin;C:/Program Files/Java/jre1.8.0_261/lib/amd64;C:\Program Files (x86)\Common Files\Oracle\Java\javapath;C:\WINDOWS\system32;C:\WINDOWS;C:\WINDOWS\System32\Wbem;C:\WINDOWS\System32\WindowsPowerShell\v1.0\;C:\WINDOWS\System32\OpenSSH\;C:\Program Files (x86)\Microsoft SQL Server\110\Tools\Binn\;C:\Program Files\Microsoft SQL Server\110\Tools\Binn\;C:\Program Files\Microsoft SQL Server\110\DTS\Binn\;C:\Program Files (x86)\Microsoft SQL Server\110\Tools\Binn\ManagementStudio\;C:\Program Files (x86)\Microsoft Visual Studio 10.0\Common7\IDE\PrivateAssemblies\;C:\Program Files (x86)\Microsoft SQL Server\110\DTS\Binn\;C:\Program Files\Microsoft SQL Server\130\Tools\Binn\;C:\Program Files\Microsoft SQL Server\150\Tools\Binn\;C:\Program Files\dotnet\;C:\Program Files\nodejs\;C:\Users\MyPC\AppData\Local\Programs\Python\Python38\Scripts\;C:\Users\MyPC\AppData\Local\Programs\Python\Python38\;C:\Users\MyPC\AppData\Local\Microsoft\WindowsApps;C:\Users\MyPC\.dotnet\tools;C:\Users\MyPC\AppData\Local\GitHubDesktop\bin;D:\Microsoft VS Code\bin;C:\Program Files\nodejs;C:\Users\MyPC\AppData\Roaming\npm;C:\Program Files\PostgreSQL\14\bin;C:\Program Files\PostgreSQL\14\lib;C:\apache-maven-3.6.0\bin;append C:\Program Files\Java\jdk1.8.0_191;;C:\Users\MyPC\Downloads\eclipse-jee-2018-09-win32-x86_64\eclipse;
USERNAME=MyPC
OS=Windows_NT
PROCESSOR_IDENTIFIER=Intel64 Family 6 Model 78 Stepping 3, GenuineIntel



---------------  S Y S T E M  ---------------

OS: Windows 10.0 , 64 bit Build 19041 (10.0.19041.1889)

CPU:total 4 (initial active 4) (2 cores per cpu, 2 threads per core) family 6 model 78 stepping 3, cmov, cx8, fxsr, mmx, sse, sse2, sse3, ssse3, sse4.1, sse4.2, popcnt, avx, avx2, aes, clmul, erms, rtm, 3dnowpref, lzcnt, ht, tsc, tscinvbit, bmi1, bmi2, adx

Memory: 4k page, physical 8266336k(937600k free), swap 8266336k(6172k free)

vm_info: Java HotSpot(TM) 64-Bit Server VM (25.261-b12) for windows-amd64 JRE (1.8.0_261-b12), built on Jun 18 2020 06:56:32 by "" with unknown MS VC++:1916

time: Mon Aug 22 15:57:18 2022
timezone: SE Asia Standard Time
elapsed time: 0 seconds (0d 0h 0m 0s)

